  my_coa_kempe_basic.cpp
  Unknown compiler version - please run the configure tests and report the results
c:\users\taydo\onedrive\documents\computer_science\year3\project\implementations\my_coa_kempe_basic\my_coa_kempe_basic\my_coa_kempe_basic.cpp(59): warning C4305: 'initializing': truncation from 'double' to 'float'
c:\users\taydo\onedrive\documents\computer_science\year3\project\implementations\my_coa_kempe_basic\my_coa_kempe_basic\my_coa_kempe_basic.cpp(75): warning C4305: 'argument': truncation from 'double' to 'RealType'
          with
          [
              RealType=float
          ]
c:\users\taydo\onedrive\documents\computer_science\year3\project\implementations\my_coa_kempe_basic\my_coa_kempe_basic\my_coa_kempe_basic.cpp(195): warning C4018: '<': signed/unsigned mismatch
c:\users\taydo\onedrive\documents\computer_science\year3\project\implementations\my_coa_kempe_basic\my_coa_kempe_basic\my_coa_kempe_basic.cpp(196): warning C4018: '<': signed/unsigned mismatch
c:\users\taydo\onedrive\documents\computer_science\year3\project\implementations\my_coa_kempe_basic\my_coa_kempe_basic\my_coa_kempe_basic.cpp(207): warning C4244: 'return': conversion from 'unsigned int' to 'float', possible loss of data
c:\users\taydo\onedrive\documents\computer_science\year3\project\implementations\my_coa_kempe_basic\my_coa_kempe_basic\my_coa_kempe_basic.cpp(240): warning C4018: '<': signed/unsigned mismatch
c:\users\taydo\onedrive\documents\computer_science\year3\project\implementations\my_coa_kempe_basic\my_coa_kempe_basic\my_coa_kempe_basic.cpp(273): warning C4018: '<': signed/unsigned mismatch
c:\users\taydo\onedrive\documents\computer_science\year3\project\implementations\my_coa_kempe_basic\my_coa_kempe_basic\my_coa_kempe_basic.cpp(276): warning C4018: '<': signed/unsigned mismatch
c:\users\taydo\onedrive\documents\computer_science\year3\project\implementations\my_coa_kempe_basic\my_coa_kempe_basic\my_coa_kempe_basic.cpp(288): warning C4018: '<': signed/unsigned mismatch
c:\users\taydo\onedrive\documents\computer_science\year3\project\implementations\my_coa_kempe_basic\my_coa_kempe_basic\my_coa_kempe_basic.cpp(299): warning C4018: '<': signed/unsigned mismatch
c:\users\taydo\onedrive\documents\computer_science\year3\project\implementations\my_coa_kempe_basic\my_coa_kempe_basic\my_coa_kempe_basic.cpp(324): warning C4244: 'argument': conversion from 'float' to 'IntType', possible loss of data
          with
          [
              IntType=int
          ]
c:\users\taydo\onedrive\documents\computer_science\year3\project\implementations\my_coa_kempe_basic\my_coa_kempe_basic\my_coa_kempe_basic.cpp(436): warning C4244: '*=': conversion from 'float' to 'int', possible loss of data
  my_coa_kempe_basic.vcxproj -> C:\Users\taydo\OneDrive\Documents\computer_science\year3\project\implementations\my_coa_kempe_basic\Debug\my_coa_kempe_basic.exe
