  my_coa_colouring_enhanced.cpp
  Unknown compiler version - please run the configure tests and report the results
c:\users\taydo\onedrive\documents\computer_science\year3\project\implementations\my_coa_colouring_enhanced\my_coa_colouring_enhanced\my_coa_colouring_enhanced.cpp(48): warning C4305: 'initializing': truncation from 'double' to 'float'
c:\users\taydo\onedrive\documents\computer_science\year3\project\implementations\my_coa_colouring_enhanced\my_coa_colouring_enhanced\my_coa_colouring_enhanced.cpp(64): warning C4305: 'argument': truncation from 'double' to 'RealType'
          with
          [
              RealType=float
          ]
c:\users\taydo\onedrive\documents\computer_science\year3\project\implementations\my_coa_colouring_enhanced\my_coa_colouring_enhanced\my_coa_colouring_enhanced.cpp(184): warning C4018: '<': signed/unsigned mismatch
c:\users\taydo\onedrive\documents\computer_science\year3\project\implementations\my_coa_colouring_enhanced\my_coa_colouring_enhanced\my_coa_colouring_enhanced.cpp(185): warning C4018: '<': signed/unsigned mismatch
c:\users\taydo\onedrive\documents\computer_science\year3\project\implementations\my_coa_colouring_enhanced\my_coa_colouring_enhanced\my_coa_colouring_enhanced.cpp(196): warning C4244: 'return': conversion from 'unsigned int' to 'float', possible loss of data
c:\users\taydo\onedrive\documents\computer_science\year3\project\implementations\my_coa_colouring_enhanced\my_coa_colouring_enhanced\my_coa_colouring_enhanced.cpp(229): warning C4018: '<': signed/unsigned mismatch
c:\users\taydo\onedrive\documents\computer_science\year3\project\implementations\my_coa_colouring_enhanced\my_coa_colouring_enhanced\my_coa_colouring_enhanced.cpp(262): warning C4018: '<': signed/unsigned mismatch
c:\users\taydo\onedrive\documents\computer_science\year3\project\implementations\my_coa_colouring_enhanced\my_coa_colouring_enhanced\my_coa_colouring_enhanced.cpp(265): warning C4018: '<': signed/unsigned mismatch
c:\users\taydo\onedrive\documents\computer_science\year3\project\implementations\my_coa_colouring_enhanced\my_coa_colouring_enhanced\my_coa_colouring_enhanced.cpp(277): warning C4018: '<': signed/unsigned mismatch
c:\users\taydo\onedrive\documents\computer_science\year3\project\implementations\my_coa_colouring_enhanced\my_coa_colouring_enhanced\my_coa_colouring_enhanced.cpp(288): warning C4018: '<': signed/unsigned mismatch
c:\users\taydo\onedrive\documents\computer_science\year3\project\implementations\my_coa_colouring_enhanced\my_coa_colouring_enhanced\my_coa_colouring_enhanced.cpp(313): warning C4244: 'argument': conversion from 'float' to 'IntType', possible loss of data
          with
          [
              IntType=int
          ]
c:\users\taydo\onedrive\documents\computer_science\year3\project\implementations\my_coa_colouring_enhanced\my_coa_colouring_enhanced\my_coa_colouring_enhanced.cpp(339): warning C4244: 'initializing': conversion from 'float' to 'int', possible loss of data
c:\users\taydo\onedrive\documents\computer_science\year3\project\implementations\my_coa_colouring_enhanced\my_coa_colouring_enhanced\my_coa_colouring_enhanced.cpp(417): warning C4244: '*=': conversion from 'float' to 'int', possible loss of data
  my_coa_colouring_enhanced.vcxproj -> C:\Users\taydo\OneDrive\Documents\computer_science\year3\project\implementations\my_coa_colouring_enhanced\Debug\my_coa_colouring_enhanced.exe
