  cs_aco_tabucol_penalty.cpp
  Unknown compiler version - please run the configure tests and report the results
c:\users\taydo\onedrive\documents\computer_science\year3\project\implementations\cs_aco_tabucol_penalty\cs_aco_tabucol_penalty\cs_aco_tabucol_penalty.cpp(63): warning C4305: 'initializing': truncation from 'double' to 'float'
c:\users\taydo\onedrive\documents\computer_science\year3\project\implementations\cs_aco_tabucol_penalty\cs_aco_tabucol_penalty\cs_aco_tabucol_penalty.cpp(64): warning C4305: 'initializing': truncation from 'double' to 'float'
c:\users\taydo\onedrive\documents\computer_science\year3\project\implementations\cs_aco_tabucol_penalty\cs_aco_tabucol_penalty\cs_aco_tabucol_penalty.cpp(74): warning C4244: 'initializing': conversion from 'double' to 'float', possible loss of data
c:\users\taydo\onedrive\documents\computer_science\year3\project\implementations\cs_aco_tabucol_penalty\cs_aco_tabucol_penalty\cs_aco_tabucol_penalty.cpp(74): warning C4244: 'initializing': conversion from 'double' to 'const float', possible loss of data
c:\users\taydo\onedrive\documents\computer_science\year3\project\implementations\cs_aco_tabucol_penalty\cs_aco_tabucol_penalty\cs_aco_tabucol_penalty.cpp(174): warning C4244: 'return': conversion from 'int' to 'float', possible loss of data
c:\users\taydo\onedrive\documents\computer_science\year3\project\implementations\cs_aco_tabucol_penalty\cs_aco_tabucol_penalty\cs_aco_tabucol_penalty.cpp(217): warning C4244: '=': conversion from 'float' to 'int', possible loss of data
c:\users\taydo\onedrive\documents\computer_science\year3\project\implementations\cs_aco_tabucol_penalty\cs_aco_tabucol_penalty\cs_aco_tabucol_penalty.cpp(225): warning C4244: '=': conversion from 'int' to 'float', possible loss of data
c:\users\taydo\onedrive\documents\computer_science\year3\project\implementations\cs_aco_tabucol_penalty\cs_aco_tabucol_penalty\cs_aco_tabucol_penalty.cpp(274): warning C4244: '=': conversion from 'float' to 'int', possible loss of data
c:\users\taydo\onedrive\documents\computer_science\year3\project\implementations\cs_aco_tabucol_penalty\cs_aco_tabucol_penalty\cs_aco_tabucol_penalty.cpp(323): warning C4244: '=': conversion from 'double' to 'float', possible loss of data
c:\users\taydo\onedrive\documents\computer_science\year3\project\implementations\cs_aco_tabucol_penalty\cs_aco_tabucol_penalty\cs_aco_tabucol_penalty.cpp(338): warning C4244: 'argument': conversion from 'int' to 'float', possible loss of data
c:\users\taydo\onedrive\documents\computer_science\year3\project\implementations\cs_aco_tabucol_penalty\cs_aco_tabucol_penalty\cs_aco_tabucol_penalty.cpp(340): warning C4244: 'return': conversion from 'int' to 'float', possible loss of data
c:\users\taydo\onedrive\documents\computer_science\year3\project\implementations\cs_aco_tabucol_penalty\cs_aco_tabucol_penalty\cs_aco_tabucol_penalty.cpp(395): warning C4305: 'initializing': truncation from 'double' to 'float'
c:\users\taydo\onedrive\documents\computer_science\year3\project\implementations\cs_aco_tabucol_penalty\cs_aco_tabucol_penalty\cs_aco_tabucol_penalty.cpp(427): warning C4244: '=': conversion from 'float' to 'int', possible loss of data
c:\users\taydo\onedrive\documents\computer_science\year3\project\implementations\cs_aco_tabucol_penalty\cs_aco_tabucol_penalty\cs_aco_tabucol_penalty.cpp(439): warning C4244: '=': conversion from 'float' to 'int', possible loss of data
c:\users\taydo\onedrive\documents\computer_science\year3\project\implementations\cs_aco_tabucol_penalty\cs_aco_tabucol_penalty\cs_aco_tabucol_penalty.cpp(447): warning C4244: '=': conversion from 'float' to 'int', possible loss of data
c:\users\taydo\onedrive\documents\computer_science\year3\project\implementations\cs_aco_tabucol_penalty\cs_aco_tabucol_penalty\cs_aco_tabucol_penalty.cpp(504): warning C4244: 'initializing': conversion from 'float' to 'int', possible loss of data
c:\users\taydo\onedrive\documents\computer_science\year3\project\implementations\cs_aco_tabucol_penalty\cs_aco_tabucol_penalty\cs_aco_tabucol_penalty.cpp(531): warning C4244: 'argument': conversion from 'int' to 'float', possible loss of data
  cs_aco_tabucol_penalty.vcxproj -> C:\Users\taydo\OneDrive\Documents\computer_science\year3\project\implementations\cs_aco_tabucol_penalty\Debug\cs_aco_tabucol_penalty.exe
